Trial 0:
Compilation took 24 x10e-3 s
Pre- processing: 154,850,155 x10e-9 s
********************PRINT********************
* s1: 6                                     *
* s2: 1                                     *
*********************************************
********************PRINT********************
* s1: 6                                     *
* s2: 1                                     *
*********************************************
********************PRINT********************
* s1: 1                                     *
* s2: 6                                     *
*********************************************
********************PRINT********************
* s1: 6                                     *
* s2: 1                                     *
*********************************************
** Max interactions (10) reached **
Execution time: 480,783,418 x10e-9 s
Trial 1:
Compilation took 0 x10e-3 s
Pre- processing: 3,838,581 x10e-9 s
********************PRINT********************
* s1: 3                                     *
* s2: 2                                     *
*********************************************
********************PRINT********************
* s1: 1                                     *
* s2: 6                                     *
*********************************************
********************PRINT********************
* s1: 6                                     *
* s2: 1                                     *
*********************************************
********************PRINT********************
* s1: 6                                     *
* s2: 1                                     *
*********************************************
** Max interactions (10) reached **
Execution time: 62,069,996 x10e-9 s
Trial 2:
Compilation took 0 x10e-3 s
Pre- processing: 3,515,797 x10e-9 s
********************PRINT********************
* s1: 1                                     *
* s2: 6                                     *
*********************************************
********************PRINT********************
* s1: 6                                     *
* s2: 1                                     *
*********************************************
********************PRINT********************
* s1: 1                                     *
* s2: 6                                     *
*********************************************
** Max interactions (10) reached **
Execution time: 50,336,320 x10e-9 s
Trial 3:
Compilation took 0 x10e-3 s
Pre- processing: 3,012,857 x10e-9 s
********************PRINT********************
* s1: 2                                     *
* s2: 3                                     *
*********************************************
********************PRINT********************
* s1: 3                                     *
* s2: 2                                     *
*********************************************
********************PRINT********************
* s1: 3                                     *
* s2: 2                                     *
*********************************************
********************PRINT********************
* s1: 2                                     *
* s2: 3                                     *
*********************************************
********************PRINT********************
* s1: 3                                     *
* s2: 2                                     *
*********************************************
********************PRINT********************
* s1: 2                                     *
* s2: 3                                     *
*********************************************
********************PRINT********************
* s1: 2                                     *
* s2: 3                                     *
*********************************************
********************PRINT********************
* s1: 3                                     *
* s2: 2                                     *
*********************************************
** Max interactions (10) reached **
Execution time: 46,744,310 x10e-9 s
Trial 4:
Compilation took 0 x10e-3 s
Pre- processing: 2,930,783 x10e-9 s
********************PRINT********************
* s1: 2                                     *
* s2: 3                                     *
*********************************************
********************PRINT********************
* s1: 3                                     *
* s2: 2                                     *
*********************************************
********************PRINT********************
* s1: 2                                     *
* s2: 3                                     *
*********************************************
********************PRINT********************
* s1: 1                                     *
* s2: 6                                     *
*********************************************
********************PRINT********************
* s1: 6                                     *
* s2: 1                                     *
*********************************************
********************PRINT********************
* s1: 1                                     *
* s2: 6                                     *
*********************************************
** Max interactions (10) reached **
Execution time: 38,907,144 x10e-9 s
Trial 5:
Compilation took 0 x10e-3 s
Pre- processing: 3,141,759 x10e-9 s
********************PRINT********************
* s1: 6                                     *
* s2: 1                                     *
*********************************************
********************PRINT********************
* s1: 1                                     *
* s2: 6                                     *
*********************************************
********************PRINT********************
* s1: 6                                     *
* s2: 1                                     *
*********************************************
********************PRINT********************
* s1: 1                                     *
* s2: 6                                     *
*********************************************
********************PRINT********************
* s1: 1                                     *
* s2: 6                                     *
*********************************************
********************PRINT********************
* s1: 6                                     *
* s2: 1                                     *
*********************************************
** Max interactions (10) reached **
Execution time: 54,021,492 x10e-9 s
Trial 6:
Compilation took 1 x10e-3 s
Pre- processing: 1,757,468 x10e-9 s
********************PRINT********************
* s1: 1                                     *
* s2: 6                                     *
*********************************************
********************PRINT********************
* s1: 1                                     *
* s2: 6                                     *
*********************************************
********************PRINT********************
* s1: 6                                     *
* s2: 1                                     *
*********************************************
********************PRINT********************
* s1: 1                                     *
* s2: 6                                     *
*********************************************
** Max interactions (10) reached **
Execution time: 38,323,856 x10e-9 s
Trial 7:
Compilation took 0 x10e-3 s
Pre- processing: 2,388,130 x10e-9 s
********************PRINT********************
* s1: 2                                     *
* s2: 3                                     *
*********************************************
********************PRINT********************
* s1: 6                                     *
* s2: 1                                     *
*********************************************
********************PRINT********************
* s1: 1                                     *
* s2: 6                                     *
*********************************************
********************PRINT********************
* s1: 1                                     *
* s2: 6                                     *
*********************************************
** Max interactions (10) reached **
Execution time: 45,990,537 x10e-9 s
Trial 8:
Compilation took 0 x10e-3 s
Pre- processing: 2,006,728 x10e-9 s
********************PRINT********************
* s1: 3                                     *
* s2: 2                                     *
*********************************************
********************PRINT********************
* s1: 2                                     *
* s2: 3                                     *
*********************************************
********************PRINT********************
* s1: 3                                     *
* s2: 2                                     *
*********************************************
********************PRINT********************
* s1: 3                                     *
* s2: 2                                     *
*********************************************
********************PRINT********************
* s1: 1                                     *
* s2: 6                                     *
*********************************************
** Max interactions (10) reached **
Execution time: 32,595,070 x10e-9 s
Trial 9:
Compilation took 0 x10e-3 s
Pre- processing: 2,075,849 x10e-9 s
********************PRINT********************
* s1: 3                                     *
* s2: 2                                     *
*********************************************
********************PRINT********************
* s1: 2                                     *
* s2: 3                                     *
*********************************************
********************PRINT********************
* s1: 3                                     *
* s2: 2                                     *
*********************************************
********************PRINT********************
* s1: 2                                     *
* s2: 3                                     *
*********************************************
********************PRINT********************
* s1: 3                                     *
* s2: 2                                     *
*********************************************
********************PRINT********************
* s1: 3                                     *
* s2: 2                                     *
*********************************************
** Max interactions (10) reached **
Execution time: 29,339,226 x10e-9 s
